D:\我的文档\VISUAL STUDIO 2010\PROJECTS\MY\MY\DEBUG\MY.EXE
D:\我的文档\VISUAL STUDIO 2010\PROJECTS\MY\MY\DEBUG\MY.ILK
D:\我的文档\VISUAL STUDIO 2010\PROJECTS\MY\MY\DEBUG\MY.PDB
D:\我的文档\VISUAL STUDIO 2010\PROJECTS\MY\MY\MY\DEBUG\APP.OBJ
D:\我的文档\Visual Studio 2010\Projects\my\my\my\Debug\cl.command.1.tlog
D:\我的文档\Visual Studio 2010\Projects\my\my\my\Debug\CL.read.1.tlog
D:\我的文档\Visual Studio 2010\Projects\my\my\my\Debug\CL.write.1.tlog
D:\我的文档\Visual Studio 2010\Projects\my\my\my\Debug\link.5252.read.1.tlog
D:\我的文档\Visual Studio 2010\Projects\my\my\my\Debug\link.5252.write.1.tlog
D:\我的文档\Visual Studio 2010\Projects\my\my\my\Debug\link.5252-cvtres.read.1.tlog
D:\我的文档\Visual Studio 2010\Projects\my\my\my\Debug\link.5252-cvtres.write.1.tlog
D:\我的文档\Visual Studio 2010\Projects\my\my\my\Debug\link.command.1.tlog
D:\我的文档\Visual Studio 2010\Projects\my\my\my\Debug\link.read.1.tlog
D:\我的文档\Visual Studio 2010\Projects\my\my\my\Debug\link.write.1.tlog
D:\我的文档\Visual Studio 2010\Projects\my\my\my\Debug\link-cvtres.read.1.tlog
D:\我的文档\Visual Studio 2010\Projects\my\my\my\Debug\link-cvtres.write.1.tlog
D:\我的文档\Visual Studio 2010\Projects\my\my\my\Debug\mt.command.1.tlog
D:\我的文档\Visual Studio 2010\Projects\my\my\my\Debug\mt.read.1.tlog
D:\我的文档\Visual Studio 2010\Projects\my\my\my\Debug\mt.write.1.tlog
D:\我的文档\VISUAL STUDIO 2010\PROJECTS\MY\MY\MY\DEBUG\MY.EXE.EMBED.MANIFEST
D:\我的文档\VISUAL STUDIO 2010\PROJECTS\MY\MY\MY\DEBUG\MY.EXE.EMBED.MANIFEST.RES
D:\我的文档\VISUAL STUDIO 2010\PROJECTS\MY\MY\MY\DEBUG\MY.EXE.INTERMEDIATE.MANIFEST
D:\我的文档\Visual Studio 2010\Projects\my\my\my\Debug\my_manifest.rc
D:\我的文档\VISUAL STUDIO 2010\PROJECTS\MY\MY\MY\DEBUG\OS_CORE.OBJ
D:\我的文档\VISUAL STUDIO 2010\PROJECTS\MY\MY\MY\DEBUG\OS_CPU_C.OBJ
D:\我的文档\VISUAL STUDIO 2010\PROJECTS\MY\MY\MY\DEBUG\OS_DBG_R.OBJ
D:\我的文档\VISUAL STUDIO 2010\PROJECTS\MY\MY\MY\DEBUG\OS_FLAG.OBJ
D:\我的文档\VISUAL STUDIO 2010\PROJECTS\MY\MY\MY\DEBUG\OS_MBOX.OBJ
D:\我的文档\VISUAL STUDIO 2010\PROJECTS\MY\MY\MY\DEBUG\OS_MEM.OBJ
D:\我的文档\VISUAL STUDIO 2010\PROJECTS\MY\MY\MY\DEBUG\OS_MUTEX.OBJ
D:\我的文档\VISUAL STUDIO 2010\PROJECTS\MY\MY\MY\DEBUG\OS_Q.OBJ
D:\我的文档\VISUAL STUDIO 2010\PROJECTS\MY\MY\MY\DEBUG\OS_SEM.OBJ
D:\我的文档\VISUAL STUDIO 2010\PROJECTS\MY\MY\MY\DEBUG\OS_TASK.OBJ
D:\我的文档\VISUAL STUDIO 2010\PROJECTS\MY\MY\MY\DEBUG\OS_TIME.OBJ
D:\我的文档\VISUAL STUDIO 2010\PROJECTS\MY\MY\MY\DEBUG\OS_TRACE.OBJ
D:\我的文档\Visual Studio 2010\Projects\my\my\my\Debug\rc.command.1.tlog
D:\我的文档\Visual Studio 2010\Projects\my\my\my\Debug\rc.read.1.tlog
D:\我的文档\Visual Studio 2010\Projects\my\my\my\Debug\rc.write.1.tlog
D:\我的文档\Visual Studio 2010\Projects\my\my\my\Debug\vc100.idb
D:\我的文档\VISUAL STUDIO 2010\PROJECTS\MY\MY\MY\DEBUG\VC100.PDB
